Flutter crash report.
Please report a bug at https://github.com/flutter/flutter/issues.

## command

flutter pub get

## exception

FileSystemException: FileSystemException: Cannot retrieve modification time, path = 'C:\Users\moham\Documents\Servers\c4d\flutter\pubspec.yaml' (OS Error: The system cannot find the file specified.
, errno = 2)

```
#0      _File.throwIfError (dart:io/file_impl.dart:635:7)
#1      _File.lastModifiedSync (dart:io/file_impl.dart:439:5)
#2      ForwardingFile.lastModifiedSync (package:file/src/forwarding/forwarding_file.dart:55:43)
#3      ForwardingFile.lastModifiedSync (package:file/src/forwarding/forwarding_file.dart:55:43)
#4      _DefaultPub.get (package:flutter_tools/src/dart/pub.dart:238:21)
#5      _rootRunUnary (dart:async/zone.dart:1198:47)
#6      _CustomZone.runUnary (dart:async/zone.dart:1100:19)
#7      _FutureListener.handleValue (dart:async/future_impl.dart:143:18)
#8      Future._propagateToListeners.handleValueCallback (dart:async/future_impl.dart:696:45)
#9      Future._propagateToListeners (dart:async/future_impl.dart:725:32)
#10     Future._completeWithValue (dart:async/future_impl.dart:529:5)
#11     _AsyncAwaitCompleter.complete (dart:async-patch/async_patch.dart:40:15)
#12     _completeOnAsyncReturn (dart:async-patch/async_patch.dart:311:13)
#13     _DefaultPub.batch (package:flutter_tools/src/dart/pub.dart)
#14     _rootRunUnary (dart:async/zone.dart:1198:47)
#15     _CustomZone.runUnary (dart:async/zone.dart:1100:19)
#16     _FutureListener.handleValue (dart:async/future_impl.dart:143:18)
#17     Future._propagateToListeners.handleValueCallback (dart:async/future_impl.dart:696:45)
#18     Future._propagateToListeners (dart:async/future_impl.dart:725:32)
#19     Future._completeWithValue (dart:async/future_impl.dart:529:5)
#20     _AsyncAwaitCompleter.complete (dart:async-patch/async_patch.dart:40:15)
#21     _completeOnAsyncReturn (dart:async-patch/async_patch.dart:311:13)
#22     _DefaultProcessUtils.stream (package:flutter_tools/src/base/process.dart)
#23     _rootRunUnary (dart:async/zone.dart:1198:47)
#24     _CustomZone.runUnary (dart:async/zone.dart:1100:19)
#25     _FutureListener.handleValue (dart:async/future_impl.dart:143:18)
#26     Future._propagateToListeners.handleValueCallback (dart:async/future_impl.dart:696:45)
#27     Future._propagateToListeners (dart:async/future_impl.dart:725:32)
#28     Future._completeWithValue (dart:async/future_impl.dart:529:5)
#29     Future._asyncCompleteWithValue.<anonymous closure> (dart:async/future_impl.dart:567:7)
#30     _rootRun (dart:async/zone.dart:1190:13)
#31     _CustomZone.run (dart:async/zone.dart:1093:19)
#32     _CustomZone.runGuarded (dart:async/zone.dart:997:7)
#33     _CustomZone.bindCallbackGuarded.<anonymous closure> (dart:async/zone.dart:1037:23)
#34     _microtaskLoop (dart:async/schedule_microtask.dart:41:21)
#35     _startMicrotaskLoop (dart:async/schedule_microtask.dart:50:5)
#36     _runPendingImmediateCallback (dart:isolate-patch/isolate_patch.dart:118:13)
#37     _RawReceivePortImpl._handleMessage (dart:isolate-patch/isolate_patch.dart:169:5)
```

## flutter doctor

```
[✓] Flutter (Channel stable, 1.22.5, on Microsoft Windows [Version 10.0.19042.985], locale en-US)
    • Flutter version 1.22.5 at E:\flutterSDK
    • Framework revision 7891006299 (6 months ago), 2020-12-10 11:54:40 -0800
    • Engine revision ae90085a84
    • Dart version 2.10.4
    • Pub download mirror https://pub.flutter-io.cn
    • Flutter download mirror https://storage.flutter-io.cn

[✓] Android toolchain - develop for Android devices (Android SDK version 30.0.3)
    • Android SDK at E:\StudioSDK
    • Platform android-30, build-tools 30.0.3
    • ANDROID_HOME = E:\StudioSDK
    • ANDROID_SDK_ROOT = E:\StudioSDK
    • Java binary at: C:\Program Files\Android\Android Studio\jre\bin\java
    • Java version OpenJDK Runtime Environment (build 11.0.8+10-b944.6842174)
    • All Android licenses accepted.

[!] Android Studio (version 4.1.0)
    • Android Studio at C:\Program Files\Android\Android Studio
    ✗ Flutter plugin not installed; this adds Flutter specific functionality.
    ✗ Dart plugin not installed; this adds Dart specific functionality.
    • Java version OpenJDK Runtime Environment (build 11.0.8+10-b944.6842174)

[✓] VS Code (version 1.56.2)
    • VS Code at C:\Users\moham\AppData\Local\Programs\Microsoft VS Code
    • Flutter extension version 3.23.0

[!] Connected device
    ! No devices available

! Doctor found issues in 2 categories.
```
